<?xml version="1.0" encoding="UTF-8"?>
<!-- Generated by org.testng.reporters.JUnitReportReporter -->
<testsuite skipped="0" hostname="DESKTOP-7D1MDG2" name="org.example.TestRunner.Runner" tests="22" failures="0" timestamp="2022-07-11T15:19:29 EET" time="224.830" errors="0">
  <testcase name="runScenario" time="15.604" classname="org.example.TestRunner.Runner"/>
  <system-out/>
  <testcase name="runScenario" time="22.214" classname="org.example.TestRunner.Runner"/>
  <system-out/>
  <testcase name="runScenario" time="6.942" classname="org.example.TestRunner.Runner"/>
  <system-out/>
  <testcase name="runScenario" time="10.961" classname="org.example.TestRunner.Runner"/>
  <system-out/>
  <testcase name="runScenario" time="7.126" classname="org.example.TestRunner.Runner"/>
  <system-out/>
  <testcase name="runScenario" time="11.310" classname="org.example.TestRunner.Runner"/>
  <system-out/>
  <testcase name="runScenario" time="27.871" classname="org.example.TestRunner.Runner"/>
  <system-out/>
  <testcase name="runScenario" time="5.363" classname="org.example.TestRunner.Runner"/>
  <system-out/>
  <testcase name="runScenario" time="10.489" classname="org.example.TestRunner.Runner"/>
  <system-out/>
  <testcase name="runScenario" time="10.927" classname="org.example.TestRunner.Runner"/>
  <system-out/>
  <testcase name="runScenario" time="5.727" classname="org.example.TestRunner.Runner"/>
  <system-out/>
  <testcase name="runScenario" time="7.544" classname="org.example.TestRunner.Runner"/>
  <system-out/>
  <testcase name="runScenario" time="10.868" classname="org.example.TestRunner.Runner"/>
  <system-out/>
  <testcase name="runScenario" time="4.496" classname="org.example.TestRunner.Runner"/>
  <system-out/>
  <testcase name="runScenario" time="10.812" classname="org.example.TestRunner.Runner"/>
  <system-out/>
  <testcase name="runScenario" time="15.713" classname="org.example.TestRunner.Runner"/>
  <system-out/>
  <testcase name="runScenario" time="5.622" classname="org.example.TestRunner.Runner"/>
  <system-out/>
  <testcase name="runScenario" time="7.210" classname="org.example.TestRunner.Runner"/>
  <system-out/>
  <testcase name="runScenario" time="7.049" classname="org.example.TestRunner.Runner"/>
  <system-out/>
  <testcase name="runScenario" time="5.536" classname="org.example.TestRunner.Runner"/>
  <system-out/>
  <testcase name="runScenario" time="5.346" classname="org.example.TestRunner.Runner"/>
  <system-out/>
  <testcase name="runScenario" time="10.100" classname="org.example.TestRunner.Runner"/>
  <system-out/>
</testsuite> <!-- org.example.TestRunner.Runner -->
